
build/telosb/main.exe:     file format elf32-msp430


Disassembly of section .text:

00004000 <__watchdog_support>:
    4000:	55 42 20 01 	mov.b	&0x0120,r5	
    4004:	35 d0 08 5a 	bis	#23048,	r5	;#0x5a08
    4008:	82 45 4a 11 	mov	r5,	&0x114a	

0000400c <__init_stack>:
    400c:	31 40 00 39 	mov	#14592,	r1	;#0x3900

00004010 <__do_copy_data>:
    4010:	3f 40 02 00 	mov	#2,	r15	;#0x0002
    4014:	0f 93       	tst	r15		
    4016:	08 24       	jz	$+18     	;abs 0x4028
    4018:	92 42 4a 11 20 01 	mov	&0x114a,&0x0120	
    401e:	2f 83       	decd	r15		
    4020:	9f 4f 38 4d 00 11 	mov	19768(r15),4352(r15);0x4d38(r15), 0x1100(r15)
    4026:	f8 23       	jnz	$-14     	;abs 0x4018

00004028 <__do_clear_bss>:
    4028:	3f 40 48 00 	mov	#72,	r15	;#0x0048
    402c:	0f 93       	tst	r15		
    402e:	07 24       	jz	$+16     	;abs 0x403e
    4030:	92 42 4a 11 20 01 	mov	&0x114a,&0x0120	
    4036:	1f 83       	dec	r15		
    4038:	cf 43 02 11 	mov.b	#0,	4354(r15);r3 As==00, 0x1102(r15)
    403c:	f9 23       	jnz	$-12     	;abs 0x4030

0000403e <main>:
    403e:	21 83       	decd	r1		
    4040:	b0 12 84 44 	call	#0x4484	
    4044:	47 4f       	mov.b	r15,	r7	
    4046:	3d 40 03 00 	mov	#3,	r13	;#0x0003
    404a:	3e 40 ff 00 	mov	#255,	r14	;#0x00ff
    404e:	3f 40 06 11 	mov	#4358,	r15	;#0x1106
    4052:	b0 12 b0 4c 	call	#0x4cb0	
    4056:	f2 43 46 11 	mov.b	#-1,	&0x1146	;r3 As==11
    405a:	f2 43 47 11 	mov.b	#-1,	&0x1147	;r3 As==11
    405e:	b2 40 80 5a 20 01 	mov	#23168,	&0x0120	;#0x5a80
    4064:	a2 42 60 01 	mov	#4,	&0x0160	;r2 As==10
    4068:	82 43 2e 01 	mov	#0,	&0x012e	;r3 As==00
    406c:	a2 42 80 01 	mov	#4,	&0x0180	;r2 As==10
    4070:	82 43 1e 01 	mov	#0,	&0x011e	;r3 As==00
    4074:	b2 40 20 02 60 01 	mov	#544,	&0x0160	;#0x0220
    407a:	b2 40 20 01 80 01 	mov	#288,	&0x0180	;#0x0120
    4080:	f2 40 84 ff 57 00 	mov.b	#-124,	&0x0057	;#0xff84
    4086:	c2 43 58 00 	mov.b	#0,	&0x0058	;r3 As==00
    408a:	b2 40 00 40 82 01 	mov	#16384,	&0x0182	;#0x4000
    4090:	3b 40 0c 00 	mov	#12,	r11	;#0x000c
    4094:	3d 40 00 08 	mov	#2048,	r13	;#0x0800
    4098:	0e 43       	clr	r14		
    409a:	0c 4d       	mov	r13,	r12	
    409c:	0c de       	bis	r14,	r12	
    409e:	59 42 57 00 	mov.b	&0x0057,r9	
    40a2:	0a 4c       	mov	r12,	r10	
    40a4:	8a 10       	swpb	r10		
    40a6:	7a f0 07 00 	and.b	#7,	r10	;#0x0007
    40aa:	79 f0 f8 ff 	and.b	#-8,	r9	;#0xfff8
    40ae:	4a d9       	bis.b	r9,	r10	
    40b0:	c2 4a 57 00 	mov.b	r10,	&0x0057	
    40b4:	c2 4c 56 00 	mov.b	r12,	&0x0056	
    40b8:	79 40 03 00 	mov.b	#3,	r9	;#0x0003
    40bc:	0a 43       	clr	r10		
    40be:	08 43       	clr	r8		
    40c0:	0f 3c       	jmp	$+32     	;abs 0x40e0
    40c2:	18 42 90 01 	mov	&0x0190,r8	
    40c6:	38 52       	add	#8,	r8	;r2 As==11
    40c8:	82 48 92 01 	mov	r8,	&0x0192	
    40cc:	b2 f0 fe ff 82 01 	and	#-2,	&0x0182	;#0xfffe
    40d2:	92 b3 82 01 	bit	#1,	&0x0182	;r3 As==01
    40d6:	fd 27       	jz	$-4      	;abs 0x40d2
    40d8:	1f 42 70 01 	mov	&0x0170,r15	
    40dc:	08 4a       	mov	r10,	r8	
    40de:	0a 4f       	mov	r15,	r10	
    40e0:	79 53       	add.b	#-1,	r9	;r3 As==11
    40e2:	ef 23       	jnz	$-32     	;abs 0x40c2
    40e4:	0a 88       	sub	r8,	r10	
    40e6:	3a 90 01 04 	cmp	#1025,	r10	;#0x0401
    40ea:	01 2c       	jc	$+4      	;abs 0x40ee
    40ec:	0e 4c       	mov	r12,	r14	
    40ee:	0d 11       	rra	r13		
    40f0:	3b 53       	add	#-1,	r11	;r3 As==11
    40f2:	d3 23       	jnz	$-88     	;abs 0x409a
    40f4:	0f 4e       	mov	r14,	r15	
    40f6:	3f f0 e0 00 	and	#224,	r15	;#0x00e0
    40fa:	3f 90 e0 00 	cmp	#224,	r15	;#0x00e0
    40fe:	02 20       	jnz	$+6      	;abs 0x4104
    4100:	3e f0 e0 ff 	and	#-32,	r14	;#0xffe0
    4104:	5c 42 57 00 	mov.b	&0x0057,r12	
    4108:	0d 4e       	mov	r14,	r13	
    410a:	8d 10       	swpb	r13		
    410c:	7d f0 07 00 	and.b	#7,	r13	;#0x0007
    4110:	7c f0 f8 ff 	and.b	#-8,	r12	;#0xfff8
    4114:	4d dc       	bis.b	r12,	r13	
    4116:	c2 4d 57 00 	mov.b	r13,	&0x0057	
    411a:	c2 4e 56 00 	mov.b	r14,	&0x0056	
    411e:	5e 42 57 00 	mov.b	&0x0057,r14	
    4122:	7e f0 07 00 	and.b	#7,	r14	;#0x0007
    4126:	7e d0 80 ff 	bis.b	#-128,	r14	;#0xff80
    412a:	c2 4e 57 00 	mov.b	r14,	&0x0057	
    412e:	e2 42 58 00 	mov.b	#4,	&0x0058	;r2 As==10
    4132:	f2 f0 fd ff 00 00 	and.b	#-3,	&0x0000	;#0xfffd
    4138:	82 43 70 01 	mov	#0,	&0x0170	;r3 As==00
    413c:	b2 40 02 02 60 01 	mov	#514,	&0x0160	;#0x0202
    4142:	82 43 90 01 	mov	#0,	&0x0190	;r3 As==00
    4146:	b2 40 02 01 80 01 	mov	#258,	&0x0180	;#0x0102
    414c:	1e 42 60 01 	mov	&0x0160,r14	
    4150:	3e f0 cf ff 	and	#-49,	r14	;#0xffcf
    4154:	3e d0 20 00 	bis	#32,	r14	;#0x0020
    4158:	82 4e 60 01 	mov	r14,	&0x0160	
    415c:	1e 42 80 01 	mov	&0x0180,r14	
    4160:	3e f0 cf ff 	and	#-49,	r14	;#0xffcf
    4164:	3e d0 20 00 	bis	#32,	r14	;#0x0020
    4168:	82 4e 80 01 	mov	r14,	&0x0180	
    416c:	c2 43 26 00 	mov.b	#0,	&0x0026	;r3 As==00
    4170:	c2 43 2e 00 	mov.b	#0,	&0x002e	;r3 As==00
    4174:	c2 43 1b 00 	mov.b	#0,	&0x001b	;r3 As==00
    4178:	c2 43 1f 00 	mov.b	#0,	&0x001f	;r3 As==00
    417c:	c2 43 33 00 	mov.b	#0,	&0x0033	;r3 As==00
    4180:	c2 43 37 00 	mov.b	#0,	&0x0037	;r3 As==00
    4184:	c2 43 21 00 	mov.b	#0,	&0x0021	;r3 As==00
    4188:	f2 40 e0 ff 22 00 	mov.b	#-32,	&0x0022	;#0xffe0
    418e:	f2 40 30 00 29 00 	mov.b	#48,	&0x0029	;#0x0030
    4194:	f2 40 7b 00 2a 00 	mov.b	#123,	&0x002a	;#0x007b
    419a:	c2 43 19 00 	mov.b	#0,	&0x0019	;r3 As==00
    419e:	f2 40 f1 ff 1a 00 	mov.b	#-15,	&0x001a	;#0xfff1
    41a4:	f2 40 dd ff 1d 00 	mov.b	#-35,	&0x001d	;#0xffdd
    41aa:	f2 40 fd ff 1e 00 	mov.b	#-3,	&0x001e	;#0xfffd
    41b0:	f2 43 31 00 	mov.b	#-1,	&0x0031	;r3 As==11
    41b4:	f2 43 32 00 	mov.b	#-1,	&0x0032	;r3 As==11
    41b8:	c2 43 35 00 	mov.b	#0,	&0x0035	;r3 As==00
    41bc:	f2 43 36 00 	mov.b	#-1,	&0x0036	;r3 As==11
    41c0:	c2 43 25 00 	mov.b	#0,	&0x0025	;r3 As==00
    41c4:	c2 43 2d 00 	mov.b	#0,	&0x002d	;r3 As==00
    41c8:	1f 42 70 01 	mov	&0x0170,r15	
    41cc:	1e 42 70 01 	mov	&0x0170,r14	
    41d0:	0e 8f       	sub	r15,	r14	
    41d2:	3e 90 01 28 	cmp	#10241,	r14	;#0x2801
    41d6:	fa 2b       	jnc	$-10     	;abs 0x41cc
    41d8:	e2 d3 1a 00 	bis.b	#2,	&0x001a	;r3 As==10
    41dc:	f2 d2 1a 00 	bis.b	#8,	&0x001a	;r2 As==11
    41e0:	f2 d0 80 ff 1e 00 	bis.b	#-128,	&0x001e	;#0xff80
    41e6:	f2 d0 10 00 1e 00 	bis.b	#16,	&0x001e	;#0x0010
    41ec:	f2 d0 80 ff 1d 00 	bis.b	#-128,	&0x001d	;#0xff80
    41f2:	f2 d0 10 00 1d 00 	bis.b	#16,	&0x001d	;#0x0010
    41f8:	03 43       	nop			
    41fa:	03 43       	nop			
    41fc:	f2 f0 ef ff 1d 00 	and.b	#-17,	&0x001d	;#0xffef
    4202:	f2 f0 f7 ff 19 00 	and.b	#-9,	&0x0019	;#0xfff7
    4208:	5f 43       	mov.b	#1,	r15	;r3 As==01
    420a:	b0 12 06 44 	call	#0x4406	
    420e:	4f 43       	clr.b	r15		
    4210:	b0 12 06 44 	call	#0x4406	
    4214:	5f 43       	mov.b	#1,	r15	;r3 As==01
    4216:	b0 12 06 44 	call	#0x4406	
    421a:	5f 43       	mov.b	#1,	r15	;r3 As==01
    421c:	b0 12 06 44 	call	#0x4406	
    4220:	5f 43       	mov.b	#1,	r15	;r3 As==01
    4222:	b0 12 06 44 	call	#0x4406	
    4226:	4f 43       	clr.b	r15		
    4228:	b0 12 06 44 	call	#0x4406	
    422c:	4f 43       	clr.b	r15		
    422e:	b0 12 06 44 	call	#0x4406	
    4232:	5f 43       	mov.b	#1,	r15	;r3 As==01
    4234:	b0 12 06 44 	call	#0x4406	
    4238:	f2 d0 10 00 1d 00 	bis.b	#16,	&0x001d	;#0x0010
    423e:	f2 d2 19 00 	bis.b	#8,	&0x0019	;r2 As==11
    4242:	e2 d3 19 00 	bis.b	#2,	&0x0019	;r3 As==10
    4246:	f2 d0 10 00 32 00 	bis.b	#16,	&0x0032	;#0x0010
    424c:	f2 d0 20 00 32 00 	bis.b	#32,	&0x0032	;#0x0020
    4252:	f2 d0 40 00 32 00 	bis.b	#64,	&0x0032	;#0x0040
    4258:	f2 d0 10 00 31 00 	bis.b	#16,	&0x0031	;#0x0010
    425e:	f2 d0 20 00 31 00 	bis.b	#32,	&0x0031	;#0x0020
    4264:	f2 d0 40 00 31 00 	bis.b	#64,	&0x0031	;#0x0040
    426a:	b0 12 88 4a 	call	#0x4a88	
    426e:	4f 93       	tst.b	r15		
    4270:	fc 23       	jnz	$-6      	;abs 0x426a
    4272:	b2 f0 ef ff 82 01 	and	#-17,	&0x0182	;#0xffef
    4278:	b2 40 00 40 82 01 	mov	#16384,	&0x0182	;#0x4000
    427e:	b0 12 88 4a 	call	#0x4a88	
    4282:	4f 93       	tst.b	r15		
    4284:	fc 23       	jnz	$-6      	;abs 0x427e
    4286:	4f 47       	mov.b	r7,	r15	
    4288:	b0 12 96 44 	call	#0x4496	
    428c:	32 d2       	eint			
    428e:	b0 12 84 44 	call	#0x4484	
    4292:	f2 f0 7f 00 2a 00 	and.b	#127,	&0x002a	;#0x007f
    4298:	b0 12 96 44 	call	#0x4496	
    429c:	5f 42 28 00 	mov.b	&0x0028,r15	
    42a0:	4f 93       	tst.b	r15		
    42a2:	06 34       	jge	$+14     	;abs 0x42b0
    42a4:	d2 43 40 11 	mov.b	#1,	&0x1140	;r3 As==01
    42a8:	4f 43       	clr.b	r15		
    42aa:	b0 12 20 48 	call	#0x4820	
    42ae:	05 3c       	jmp	$+12     	;abs 0x42ba
    42b0:	c2 43 40 11 	mov.b	#0,	&0x1140	;r3 As==00
    42b4:	5f 43       	mov.b	#1,	r15	;r3 As==01
    42b6:	b0 12 20 48 	call	#0x4820	
    42ba:	c2 43 04 11 	mov.b	#0,	&0x1104	;r3 As==00
    42be:	c2 43 48 11 	mov.b	#0,	&0x1148	;r3 As==00
    42c2:	c2 43 13 11 	mov.b	#0,	&0x1113	;r3 As==00
    42c6:	c2 43 12 11 	mov.b	#0,	&0x1112	;r3 As==00
    42ca:	b0 12 84 44 	call	#0x4484	
    42ce:	4a 4f       	mov.b	r15,	r10	
    42d0:	86 3c       	jmp	$+270    	;abs 0x43de
    42d2:	c2 93 00 11 	tst.b	&0x1100	
    42d6:	77 24       	jz	$+240    	;abs 0x43c6
    42d8:	b2 b0 10 00 62 01 	bit	#16,	&0x0162	;#0x0010
    42de:	08 20       	jnz	$+18     	;abs 0x42f0
    42e0:	b2 b0 10 00 64 01 	bit	#16,	&0x0164	;#0x0010
    42e6:	04 20       	jnz	$+10     	;abs 0x42f0
    42e8:	b2 b0 10 00 66 01 	bit	#16,	&0x0166	;#0x0010
    42ee:	07 24       	jz	$+16     	;abs 0x42fe
    42f0:	1e 42 60 01 	mov	&0x0160,r14	
    42f4:	3e f0 00 03 	and	#768,	r14	;#0x0300
    42f8:	3e 90 00 02 	cmp	#512,	r14	;#0x0200
    42fc:	2e 24       	jz	$+94     	;abs 0x435a
    42fe:	5f 42 04 00 	mov.b	&0x0004,r15	
    4302:	3f b0 c0 00 	bit	#192,	r15	;#0x00c0
    4306:	05 24       	jz	$+12     	;abs 0x4312
    4308:	5f 42 71 00 	mov.b	&0x0071,r15	
    430c:	3f f0 20 00 	and	#32,	r15	;#0x0020
    4310:	26 20       	jnz	$+78     	;abs 0x435e
    4312:	5f 42 05 00 	mov.b	&0x0005,r15	
    4316:	3f b0 30 00 	bit	#48,	r15	;#0x0030
    431a:	05 24       	jz	$+12     	;abs 0x4326
    431c:	5f 42 79 00 	mov.b	&0x0079,r15	
    4320:	3f f0 20 00 	and	#32,	r15	;#0x0020
    4324:	1e 20       	jnz	$+62     	;abs 0x4362
    4326:	5f 42 70 00 	mov.b	&0x0070,r15	
    432a:	1f f3       	and	#1,	r15	;r3 As==01
    432c:	1c 24       	jz	$+58     	;abs 0x4366
    432e:	5f 42 71 00 	mov.b	&0x0071,r15	
    4332:	3f f0 20 00 	and	#32,	r15	;#0x0020
    4336:	1a 24       	jz	$+54     	;abs 0x436c
    4338:	5f 42 72 00 	mov.b	&0x0072,r15	
    433c:	3f f0 20 00 	and	#32,	r15	;#0x0020
    4340:	18 24       	jz	$+50     	;abs 0x4372
    4342:	5f 42 70 00 	mov.b	&0x0070,r15	
    4346:	2f f2       	and	#4,	r15	;r2 As==10
    4348:	17 24       	jz	$+48     	;abs 0x4378
    434a:	5f 42 70 00 	mov.b	&0x0070,r15	
    434e:	3f f0 20 00 	and	#32,	r15	;#0x0020
    4352:	15 20       	jnz	$+44     	;abs 0x437e
    4354:	7e 40 05 00 	mov.b	#5,	r14	;#0x0005
    4358:	13 3c       	jmp	$+40     	;abs 0x4380
    435a:	6e 43       	mov.b	#2,	r14	;r3 As==10
    435c:	11 3c       	jmp	$+36     	;abs 0x4380
    435e:	6e 43       	mov.b	#2,	r14	;r3 As==10
    4360:	0f 3c       	jmp	$+32     	;abs 0x4380
    4362:	6e 43       	mov.b	#2,	r14	;r3 As==10
    4364:	0d 3c       	jmp	$+28     	;abs 0x4380
    4366:	7e 40 05 00 	mov.b	#5,	r14	;#0x0005
    436a:	0a 3c       	jmp	$+22     	;abs 0x4380
    436c:	7e 40 05 00 	mov.b	#5,	r14	;#0x0005
    4370:	07 3c       	jmp	$+16     	;abs 0x4380
    4372:	7e 40 05 00 	mov.b	#5,	r14	;#0x0005
    4376:	04 3c       	jmp	$+10     	;abs 0x4380
    4378:	7e 40 05 00 	mov.b	#5,	r14	;#0x0005
    437c:	01 3c       	jmp	$+4      	;abs 0x4380
    437e:	6e 43       	mov.b	#2,	r14	;r3 As==10
    4380:	b2 b0 10 00 a0 01 	bit	#16,	&0x01a0	;#0x0010
    4386:	19 24       	jz	$+52     	;abs 0x43ba
    4388:	b2 b0 10 00 a2 01 	bit	#16,	&0x01a2	;#0x0010
    438e:	05 24       	jz	$+12     	;abs 0x439a
    4390:	b2 b2 a2 01 	bit	#8,	&0x01a2	;r2 As==11
    4394:	0f 24       	jz	$+32     	;abs 0x43b4
    4396:	6e 43       	mov.b	#2,	r14	;r3 As==10
    4398:	10 3c       	jmp	$+34     	;abs 0x43ba
    439a:	1f 42 a2 01 	mov	&0x01a2,r15	
    439e:	3f b0 00 04 	bit	#1024,	r15	;#0x0400
    43a2:	0b 24       	jz	$+24     	;abs 0x43ba
    43a4:	1d 42 60 01 	mov	&0x0160,r13	
    43a8:	3d f0 00 03 	and	#768,	r13	;#0x0300
    43ac:	3d 90 00 02 	cmp	#512,	r13	;#0x0200
    43b0:	04 20       	jnz	$+10     	;abs 0x43ba
    43b2:	02 3c       	jmp	$+6      	;abs 0x43b8
    43b4:	4e 43       	clr.b	r14		
    43b6:	01 3c       	jmp	$+4      	;abs 0x43ba
    43b8:	6e 43       	mov.b	#2,	r14	;r3 As==10
    43ba:	7e 90 05 00 	cmp.b	#5,	r14	;#0x0005
    43be:	01 28       	jnc	$+4      	;abs 0x43c2
    43c0:	6e 42       	mov.b	#4,	r14	;r2 As==10
    43c2:	c2 4e 02 11 	mov.b	r14,	&0x1102	
    43c6:	5e 42 02 11 	mov.b	&0x1102,r14	
    43ca:	0e 5e       	rla	r14		
    43cc:	1e 4e 2c 4d 	mov	19756(r14),r14	;0x4d2c(r14)
    43d0:	3e d2       	bis	#8,	r14	;r2 As==11
    43d2:	81 4e 00 00 	mov	r14,	0(r1)	;0x0000(r1)
    43d6:	22 d1       	bis	@r1,	r2	
    43d8:	32 c2       	dint			
    43da:	03 43       	nop			
    43dc:	03 43       	nop			
    43de:	f2 93 46 11 	cmp.b	#-1,	&0x1146	;r3 As==11
    43e2:	77 27       	jz	$-272    	;abs 0x42d2
    43e4:	b0 12 2a 44 	call	#0x442a	
    43e8:	4b 4f       	mov.b	r15,	r11	
    43ea:	7f 93       	cmp.b	#-1,	r15	;r3 As==11
    43ec:	72 27       	jz	$-282    	;abs 0x42d2
    43ee:	4f 4a       	mov.b	r10,	r15	
    43f0:	b0 12 96 44 	call	#0x4496	
    43f4:	4f 4b       	mov.b	r11,	r15	
    43f6:	b0 12 44 49 	call	#0x4944	
    43fa:	67 3f       	jmp	$-304    	;abs 0x42ca

000043fc <__stop_progExec__>:
    43fc:	32 d0 f0 00 	bis	#240,	r2	;#0x00f0
    4400:	fd 3f       	jmp	$-4      	;abs 0x43fc

00004402 <__ctors_end>:
    4402:	30 40 1a 4d 	br	#0x4d1a	

00004406 <MotePlatformC__TOSH_FLASH_M25P_DP_bit>:
    4406:	4f 93       	tst.b	r15		
    4408:	04 24       	jz	$+10     	;abs 0x4412
    440a:	5f 42 19 00 	mov.b	&0x0019,r15	
    440e:	6f d3       	bis.b	#2,	r15	;r3 As==10
    4410:	04 3c       	jmp	$+10     	;abs 0x441a
    4412:	5f 42 19 00 	mov.b	&0x0019,r15	
    4416:	7f f0 fd ff 	and.b	#-3,	r15	;#0xfffd
    441a:	c2 4f 19 00 	mov.b	r15,	&0x0019	
    441e:	f2 d2 19 00 	bis.b	#8,	&0x0019	;r2 As==11
    4422:	f2 f0 f7 ff 19 00 	and.b	#-9,	&0x0019	;#0xfff7
    4428:	30 41       	ret			

0000442a <SchedulerBasicP__popTask.part.23>:
    442a:	5f 42 46 11 	mov.b	&0x1146,r15	
    442e:	4e 4f       	mov.b	r15,	r14	
    4430:	3e 50 06 11 	add	#4358,	r14	;#0x1106
    4434:	6d 4e       	mov.b	@r14,	r13	
    4436:	c2 4d 46 11 	mov.b	r13,	&0x1146	
    443a:	7d 93       	cmp.b	#-1,	r13	;r3 As==11
    443c:	02 20       	jnz	$+6      	;abs 0x4442
    443e:	f2 43 47 11 	mov.b	#-1,	&0x1147	;r3 As==11
    4442:	fe 43 00 00 	mov.b	#-1,	0(r14)	;r3 As==11, 0x0000(r14)
    4446:	30 41       	ret			

00004448 <Msp430TimerP__0__Event__fired>:
    4448:	5f 93       	cmp.b	#1,	r15	;r3 As==01
    444a:	0c 24       	jz	$+26     	;abs 0x4464
    444c:	03 28       	jnc	$+8      	;abs 0x4454
    444e:	6f 93       	cmp.b	#2,	r15	;r3 As==10
    4450:	18 20       	jnz	$+50     	;abs 0x4482
    4452:	10 3c       	jmp	$+34     	;abs 0x4474
    4454:	1f 42 62 01 	mov	&0x0162,r15	
    4458:	8f 10       	swpb	r15		
    445a:	5f f3       	and.b	#1,	r15	;r3 As==01
    445c:	12 24       	jz	$+38     	;abs 0x4482
    445e:	1f 42 72 01 	mov	&0x0172,r15	
    4462:	30 41       	ret			
    4464:	1f 42 64 01 	mov	&0x0164,r15	
    4468:	8f 10       	swpb	r15		
    446a:	5f f3       	and.b	#1,	r15	;r3 As==01
    446c:	0a 24       	jz	$+22     	;abs 0x4482
    446e:	1f 42 74 01 	mov	&0x0174,r15	
    4472:	30 41       	ret			
    4474:	1f 42 66 01 	mov	&0x0166,r15	
    4478:	8f 10       	swpb	r15		
    447a:	5f f3       	and.b	#1,	r15	;r3 As==01
    447c:	02 24       	jz	$+6      	;abs 0x4482
    447e:	1f 42 76 01 	mov	&0x0176,r15	
    4482:	30 41       	ret			

00004484 <__nesc_atomic_start>:
    4484:	0e 42       	mov	r2,	r14	
    4486:	32 c2       	dint			
    4488:	03 43       	nop			
    448a:	03 43       	nop			
    448c:	3e f2       	and	#8,	r14	;r2 As==11
    448e:	5f 43       	mov.b	#1,	r15	;r3 As==01
    4490:	01 20       	jnz	$+4      	;abs 0x4494
    4492:	4f 43       	clr.b	r15		
    4494:	30 41       	ret			

00004496 <__nesc_atomic_end>:
    4496:	4f 93       	tst.b	r15		
    4498:	01 24       	jz	$+4      	;abs 0x449c
    449a:	32 d2       	eint			
    449c:	30 41       	ret			

0000449e <SchedulerBasicP__TaskBasic__postTask>:
    449e:	0b 12       	push	r11		
    44a0:	4b 4f       	mov.b	r15,	r11	
    44a2:	b0 12 84 44 	call	#0x4484	
    44a6:	4e 4b       	mov.b	r11,	r14	
    44a8:	fe 93 06 11 	cmp.b	#-1,	4358(r14);r3 As==11, 0x1106(r14)
    44ac:	06 20       	jnz	$+14     	;abs 0x44ba
    44ae:	1e 43       	mov	#1,	r14	;r3 As==01
    44b0:	c2 9b 47 11 	cmp.b	r11,	&0x1147	
    44b4:	03 24       	jz	$+8      	;abs 0x44bc
    44b6:	0e 43       	clr	r14		
    44b8:	01 3c       	jmp	$+4      	;abs 0x44bc
    44ba:	1e 43       	mov	#1,	r14	;r3 As==01
    44bc:	0e 93       	tst	r14		
    44be:	0e 20       	jnz	$+30     	;abs 0x44dc
    44c0:	f2 93 46 11 	cmp.b	#-1,	&0x1146	;r3 As==11
    44c4:	03 20       	jnz	$+8      	;abs 0x44cc
    44c6:	c2 4b 46 11 	mov.b	r11,	&0x1146	
    44ca:	04 3c       	jmp	$+10     	;abs 0x44d4
    44cc:	5e 42 47 11 	mov.b	&0x1147,r14	
    44d0:	ce 4b 06 11 	mov.b	r11,	4358(r14);0x1106(r14)
    44d4:	c2 4b 47 11 	mov.b	r11,	&0x1147	
    44d8:	4b 43       	clr.b	r11		
    44da:	02 3c       	jmp	$+6      	;abs 0x44e0
    44dc:	7b 40 05 00 	mov.b	#5,	r11	;#0x0005
    44e0:	b0 12 96 44 	call	#0x4496	
    44e4:	4f 4b       	mov.b	r11,	r15	
    44e6:	3b 41       	pop	r11		
    44e8:	30 41       	ret			

000044ea <TransformAlarmC__0__Counter__get>:
    44ea:	0b 12       	push	r11		
    44ec:	0a 12       	push	r10		
    44ee:	09 12       	push	r9		
    44f0:	08 12       	push	r8		
    44f2:	b0 12 84 44 	call	#0x4484	
    44f6:	4c 4f       	mov.b	r15,	r12	
    44f8:	1a 42 14 11 	mov	&0x1114,r10	
    44fc:	1b 42 16 11 	mov	&0x1116,r11	
    4500:	1d 42 90 01 	mov	&0x0190,r13	
    4504:	01 3c       	jmp	$+4      	;abs 0x4508
    4506:	0d 4f       	mov	r15,	r13	
    4508:	1f 42 90 01 	mov	&0x0190,r15	
    450c:	0d 9f       	cmp	r15,	r13	
    450e:	fb 23       	jnz	$-8      	;abs 0x4506
    4510:	1f 42 80 01 	mov	&0x0180,r15	
    4514:	5f f3       	and.b	#1,	r15	;r3 As==01
    4516:	0a 24       	jz	$+22     	;abs 0x452c
    4518:	1a 53       	inc	r10		
    451a:	0b 63       	adc	r11		
    451c:	1d 42 90 01 	mov	&0x0190,r13	
    4520:	01 3c       	jmp	$+4      	;abs 0x4524
    4522:	0d 4f       	mov	r15,	r13	
    4524:	1f 42 90 01 	mov	&0x0190,r15	
    4528:	0d 9f       	cmp	r15,	r13	
    452a:	fb 23       	jnz	$-8      	;abs 0x4522
    452c:	12 c3       	clrc			
    452e:	0d 10       	rrc	r13		
    4530:	12 c3       	clrc			
    4532:	0d 10       	rrc	r13		
    4534:	12 c3       	clrc			
    4536:	0d 10       	rrc	r13		
    4538:	12 c3       	clrc			
    453a:	0d 10       	rrc	r13		
    453c:	12 c3       	clrc			
    453e:	0d 10       	rrc	r13		
    4540:	08 4d       	mov	r13,	r8	
    4542:	09 43       	clr	r9		
    4544:	0e 4a       	mov	r10,	r14	
    4546:	0f 4b       	mov	r11,	r15	
    4548:	4f ea       	xor.b	r10,	r15	
    454a:	0f ea       	xor	r10,	r15	
    454c:	8f 10       	swpb	r15		
    454e:	4e 4e       	mov.b	r14,	r14	
    4550:	8e 10       	swpb	r14		
    4552:	0e 5e       	rla	r14		
    4554:	0f 6f       	rlc	r15		
    4556:	0e 5e       	rla	r14		
    4558:	0f 6f       	rlc	r15		
    455a:	0e 5e       	rla	r14		
    455c:	0f 6f       	rlc	r15		
    455e:	08 de       	bis	r14,	r8	
    4560:	09 df       	bis	r15,	r9	
    4562:	4f 4c       	mov.b	r12,	r15	
    4564:	b0 12 96 44 	call	#0x4496	
    4568:	0e 48       	mov	r8,	r14	
    456a:	0f 49       	mov	r9,	r15	
    456c:	38 41       	pop	r8		
    456e:	39 41       	pop	r9		
    4570:	3a 41       	pop	r10		
    4572:	3b 41       	pop	r11		
    4574:	30 41       	ret			

00004576 <VirtualizeTimerC__0__Timer__startPeriodic>:
    4576:	0b 12       	push	r11		
    4578:	09 12       	push	r9		
    457a:	08 12       	push	r8		
    457c:	4b 4f       	mov.b	r15,	r11	
    457e:	08 4d       	mov	r13,	r8	
    4580:	09 4e       	mov	r14,	r9	
    4582:	b0 12 ea 44 	call	#0x44ea	
    4586:	4b 4b       	mov.b	r11,	r11	
    4588:	0b 5b       	rla	r11		
    458a:	0c 4b       	mov	r11,	r12	
    458c:	0c 5c       	rla	r12		
    458e:	0c 5c       	rla	r12		
    4590:	0c 5b       	add	r11,	r12	
    4592:	3c 50 18 11 	add	#4376,	r12	;#0x1118
    4596:	8c 4e 00 00 	mov	r14,	0(r12)	;0x0000(r12)
    459a:	8c 4f 02 00 	mov	r15,	2(r12)	;0x0002(r12)
    459e:	8c 48 04 00 	mov	r8,	4(r12)	;0x0004(r12)
    45a2:	8c 49 06 00 	mov	r9,	6(r12)	;0x0006(r12)
    45a6:	5f 4c 08 00 	mov.b	8(r12),	r15	;0x0008(r12)
    45aa:	7f f0 fe ff 	and.b	#-2,	r15	;#0xfffe
    45ae:	6f d3       	bis.b	#2,	r15	;r3 As==10
    45b0:	cc 4f 08 00 	mov.b	r15,	8(r12)	;0x0008(r12)
    45b4:	6f 43       	mov.b	#2,	r15	;r3 As==10
    45b6:	b0 12 9e 44 	call	#0x449e	
    45ba:	38 41       	pop	r8		
    45bc:	39 41       	pop	r9		
    45be:	3b 41       	pop	r11		
    45c0:	30 41       	ret			

000045c2 <TransformAlarmC__0__set_alarm>:
    45c2:	0b 12       	push	r11		
    45c4:	0a 12       	push	r10		
    45c6:	b0 12 ea 44 	call	#0x44ea	
    45ca:	1c 42 0e 11 	mov	&0x110e,r12	
    45ce:	1d 42 10 11 	mov	&0x1110,r13	
    45d2:	0a 4c       	mov	r12,	r10	
    45d4:	0b 4d       	mov	r13,	r11	
    45d6:	1a 52 0a 11 	add	&0x110a,r10	
    45da:	1b 62 0c 11 	addc	&0x110c,r11	
    45de:	0f 9d       	cmp	r13,	r15	
    45e0:	09 28       	jnc	$+20     	;abs 0x45f4
    45e2:	02 20       	jnz	$+6      	;abs 0x45e8
    45e4:	0e 9c       	cmp	r12,	r14	
    45e6:	06 28       	jnc	$+14     	;abs 0x45f4
    45e8:	0b 9d       	cmp	r13,	r11	
    45ea:	10 28       	jnc	$+34     	;abs 0x460c
    45ec:	09 20       	jnz	$+20     	;abs 0x4600
    45ee:	0a 9c       	cmp	r12,	r10	
    45f0:	0d 28       	jnc	$+28     	;abs 0x460c
    45f2:	06 3c       	jmp	$+14     	;abs 0x4600
    45f4:	0b 9d       	cmp	r13,	r11	
    45f6:	04 28       	jnc	$+10     	;abs 0x4600
    45f8:	0d 9b       	cmp	r11,	r13	
    45fa:	27 28       	jnc	$+80     	;abs 0x464a
    45fc:	0a 9c       	cmp	r12,	r10	
    45fe:	25 2c       	jc	$+76     	;abs 0x464a
    4600:	0f 9b       	cmp	r11,	r15	
    4602:	04 28       	jnc	$+10     	;abs 0x460c
    4604:	0b 9f       	cmp	r15,	r11	
    4606:	21 28       	jnc	$+68     	;abs 0x464a
    4608:	0e 9a       	cmp	r10,	r14	
    460a:	1f 2c       	jc	$+64     	;abs 0x464a
    460c:	0c 4a       	mov	r10,	r12	
    460e:	0d 4b       	mov	r11,	r13	
    4610:	0c 8e       	sub	r14,	r12	
    4612:	0d 7f       	subc	r15,	r13	
    4614:	0d 93       	tst	r13		
    4616:	03 20       	jnz	$+8      	;abs 0x461e
    4618:	3c 90 01 04 	cmp	#1025,	r12	;#0x0401
    461c:	18 28       	jnc	$+50     	;abs 0x464e
    461e:	0a 4e       	mov	r14,	r10	
    4620:	0b 4f       	mov	r15,	r11	
    4622:	3a 50 00 04 	add	#1024,	r10	;#0x0400
    4626:	0b 63       	adc	r11		
    4628:	82 4a 0e 11 	mov	r10,	&0x110e	
    462c:	82 4b 10 11 	mov	r11,	&0x1110	
    4630:	0a 4c       	mov	r12,	r10	
    4632:	0b 4d       	mov	r13,	r11	
    4634:	3a 50 00 fc 	add	#-1024,	r10	;#0xfc00
    4638:	3b 63       	addc	#-1,	r11	;r3 As==11
    463a:	82 4a 0a 11 	mov	r10,	&0x110a	
    463e:	82 4b 0c 11 	mov	r11,	&0x110c	
    4642:	3c 40 00 04 	mov	#1024,	r12	;#0x0400
    4646:	0d 43       	clr	r13		
    4648:	0a 3c       	jmp	$+22     	;abs 0x465e
    464a:	0c 43       	clr	r12		
    464c:	0d 43       	clr	r13		
    464e:	82 4a 0e 11 	mov	r10,	&0x110e	
    4652:	82 4b 10 11 	mov	r11,	&0x1110	
    4656:	82 43 0a 11 	mov	#0,	&0x110a	;r3 As==00
    465a:	82 43 0c 11 	mov	#0,	&0x110c	;r3 As==00
    465e:	0c 5c       	rla	r12		
    4660:	0c 5c       	rla	r12		
    4662:	0c 5c       	rla	r12		
    4664:	0c 5c       	rla	r12		
    4666:	0c 5c       	rla	r12		
    4668:	0e 5e       	rla	r14		
    466a:	0e 5e       	rla	r14		
    466c:	0e 5e       	rla	r14		
    466e:	0e 5e       	rla	r14		
    4670:	0e 5e       	rla	r14		
    4672:	1f 42 90 01 	mov	&0x0190,r15	
    4676:	01 3c       	jmp	$+4      	;abs 0x467a
    4678:	0f 4d       	mov	r13,	r15	
    467a:	1d 42 90 01 	mov	&0x0190,r13	
    467e:	0f 9d       	cmp	r13,	r15	
    4680:	fb 23       	jnz	$-8      	;abs 0x4678
    4682:	0b 4f       	mov	r15,	r11	
    4684:	0b 8e       	sub	r14,	r11	
    4686:	0b 9c       	cmp	r12,	r11	
    4688:	09 28       	jnc	$+20     	;abs 0x469c
    468a:	1f 42 90 01 	mov	&0x0190,r15	
    468e:	01 3c       	jmp	$+4      	;abs 0x4692
    4690:	0f 4e       	mov	r14,	r15	
    4692:	1e 42 90 01 	mov	&0x0190,r14	
    4696:	0f 9e       	cmp	r14,	r15	
    4698:	fb 23       	jnz	$-8      	;abs 0x4690
    469a:	0c 3c       	jmp	$+26     	;abs 0x46b4
    469c:	0c 8b       	sub	r11,	r12	
    469e:	3c 90 03 00 	cmp	#3,	r12	;#0x0003
    46a2:	0c 2c       	jc	$+26     	;abs 0x46bc
    46a4:	1f 42 90 01 	mov	&0x0190,r15	
    46a8:	01 3c       	jmp	$+4      	;abs 0x46ac
    46aa:	0f 4e       	mov	r14,	r15	
    46ac:	1e 42 90 01 	mov	&0x0190,r14	
    46b0:	0f 9e       	cmp	r14,	r15	
    46b2:	fb 23       	jnz	$-8      	;abs 0x46aa
    46b4:	2f 53       	incd	r15		
    46b6:	82 4f 92 01 	mov	r15,	&0x0192	
    46ba:	03 3c       	jmp	$+8      	;abs 0x46c2
    46bc:	0c 5f       	add	r15,	r12	
    46be:	82 4c 92 01 	mov	r12,	&0x0192	
    46c2:	b2 f0 fe ff 82 01 	and	#-2,	&0x0182	;#0xfffe
    46c8:	b2 d0 10 00 82 01 	bis	#16,	&0x0182	;#0x0010
    46ce:	3a 41       	pop	r10		
    46d0:	3b 41       	pop	r11		
    46d2:	30 41       	ret			

000046d4 <Msp430TimerP__1__Event__fired>:
    46d4:	7f 92       	cmp.b	#8,	r15	;r2 As==11
    46d6:	50 2c       	jc	$+162    	;abs 0x4778
    46d8:	4f 4f       	mov.b	r15,	r15	
    46da:	0f 5f       	rla	r15		
    46dc:	10 4f 1c 4d 	br	19740(r15)	;0x4d1c(r15)
    46e0:	1f 42 82 01 	mov	&0x0182,r15	
    46e4:	8f 10       	swpb	r15		
    46e6:	5f f3       	and.b	#1,	r15	;r3 As==01
    46e8:	03 24       	jz	$+8      	;abs 0x46f0
    46ea:	1f 42 92 01 	mov	&0x0192,r15	
    46ee:	30 41       	ret			
    46f0:	b2 f0 ef ff 82 01 	and	#-17,	&0x0182	;#0xffef
    46f6:	82 93 0a 11 	tst	&0x110a	
    46fa:	07 20       	jnz	$+16     	;abs 0x470a
    46fc:	82 93 0c 11 	tst	&0x110c	
    4700:	04 20       	jnz	$+10     	;abs 0x470a
    4702:	5f 43       	mov.b	#1,	r15	;r3 As==01
    4704:	b0 12 9e 44 	call	#0x449e	
    4708:	30 41       	ret			
    470a:	b0 12 c2 45 	call	#0x45c2	
    470e:	30 41       	ret			
    4710:	1f 42 84 01 	mov	&0x0184,r15	
    4714:	8f 10       	swpb	r15		
    4716:	5f f3       	and.b	#1,	r15	;r3 As==01
    4718:	2f 24       	jz	$+96     	;abs 0x4778
    471a:	1f 42 94 01 	mov	&0x0194,r15	
    471e:	30 41       	ret			
    4720:	1f 42 86 01 	mov	&0x0186,r15	
    4724:	8f 10       	swpb	r15		
    4726:	5f f3       	and.b	#1,	r15	;r3 As==01
    4728:	27 24       	jz	$+80     	;abs 0x4778
    472a:	1f 42 96 01 	mov	&0x0196,r15	
    472e:	30 41       	ret			
    4730:	1f 42 88 01 	mov	&0x0188,r15	
    4734:	8f 10       	swpb	r15		
    4736:	5f f3       	and.b	#1,	r15	;r3 As==01
    4738:	1f 24       	jz	$+64     	;abs 0x4778
    473a:	1f 42 98 01 	mov	&0x0198,r15	
    473e:	30 41       	ret			
    4740:	1f 42 8a 01 	mov	&0x018a,r15	
    4744:	8f 10       	swpb	r15		
    4746:	5f f3       	and.b	#1,	r15	;r3 As==01
    4748:	17 24       	jz	$+48     	;abs 0x4778
    474a:	1f 42 9a 01 	mov	&0x019a,r15	
    474e:	30 41       	ret			
    4750:	1f 42 8c 01 	mov	&0x018c,r15	
    4754:	8f 10       	swpb	r15		
    4756:	5f f3       	and.b	#1,	r15	;r3 As==01
    4758:	0f 24       	jz	$+32     	;abs 0x4778
    475a:	1f 42 9c 01 	mov	&0x019c,r15	
    475e:	30 41       	ret			
    4760:	1f 42 8e 01 	mov	&0x018e,r15	
    4764:	8f 10       	swpb	r15		
    4766:	5f f3       	and.b	#1,	r15	;r3 As==01
    4768:	07 24       	jz	$+16     	;abs 0x4778
    476a:	1f 42 9e 01 	mov	&0x019e,r15	
    476e:	30 41       	ret			
    4770:	92 53 14 11 	inc	&0x1114	
    4774:	82 63 16 11 	adc	&0x1116	
    4778:	30 41       	ret			

0000477a <ButtonControlC__Notify__notify>:
    477a:	1f 93       	cmp	#1,	r15	;r3 As==01
    477c:	23 20       	jnz	$+72     	;abs 0x47c4
    477e:	5f 42 04 11 	mov.b	&0x1104,r15	
    4782:	4f 93       	tst.b	r15		
    4784:	03 20       	jnz	$+8      	;abs 0x478c
    4786:	d2 43 04 11 	mov.b	#1,	&0x1104	;r3 As==01
    478a:	1c 3c       	jmp	$+58     	;abs 0x47c4
    478c:	5f 93       	cmp.b	#1,	r15	;r3 As==01
    478e:	03 20       	jnz	$+8      	;abs 0x4796
    4790:	e2 43 04 11 	mov.b	#2,	&0x1104	;r3 As==10
    4794:	17 3c       	jmp	$+48     	;abs 0x47c4
    4796:	6f 93       	cmp.b	#2,	r15	;r3 As==10
    4798:	04 20       	jnz	$+10     	;abs 0x47a2
    479a:	f2 40 03 00 04 11 	mov.b	#3,	&0x1104	;#0x0003
    47a0:	11 3c       	jmp	$+36     	;abs 0x47c4
    47a2:	7f 90 03 00 	cmp.b	#3,	r15	;#0x0003
    47a6:	0e 20       	jnz	$+30     	;abs 0x47c4
    47a8:	c2 43 04 11 	mov.b	#0,	&0x1104	;r3 As==00
    47ac:	f2 f0 fd ff 3e 11 	and.b	#-3,	&0x113e	;#0xfffd
    47b2:	f2 f0 fd ff 20 11 	and.b	#-3,	&0x1120	;#0xfffd
    47b8:	f2 f0 fd ff 2a 11 	and.b	#-3,	&0x112a	;#0xfffd
    47be:	f2 f0 fd ff 34 11 	and.b	#-3,	&0x1134	;#0xfffd
    47c4:	5f 42 04 11 	mov.b	&0x1104,r15	
    47c8:	4f 93       	tst.b	r15		
    47ca:	0b 20       	jnz	$+24     	;abs 0x47e2
    47cc:	b0 12 84 44 	call	#0x4484	
    47d0:	f2 f0 ef ff 31 00 	and.b	#-17,	&0x0031	;#0xffef
    47d6:	b0 12 96 44 	call	#0x4496	
    47da:	f2 f0 fd ff 3e 11 	and.b	#-3,	&0x113e	;#0xfffd
    47e0:	30 41       	ret			
    47e2:	5f 93       	cmp.b	#1,	r15	;r3 As==01
    47e4:	07 20       	jnz	$+16     	;abs 0x47f4
    47e6:	b0 12 84 44 	call	#0x4484	
    47ea:	5e 42 31 00 	mov.b	&0x0031,r14	
    47ee:	7e f0 df ff 	and.b	#-33,	r14	;#0xffdf
    47f2:	08 3c       	jmp	$+18     	;abs 0x4804
    47f4:	6f 93       	cmp.b	#2,	r15	;r3 As==10
    47f6:	0b 20       	jnz	$+24     	;abs 0x480e
    47f8:	b0 12 84 44 	call	#0x4484	
    47fc:	5e 42 31 00 	mov.b	&0x0031,r14	
    4800:	7e f0 bf ff 	and.b	#-65,	r14	;#0xffbf
    4804:	c2 4e 31 00 	mov.b	r14,	&0x0031	
    4808:	b0 12 96 44 	call	#0x4496	
    480c:	30 41       	ret			
    480e:	7f 90 03 00 	cmp.b	#3,	r15	;#0x0003
    4812:	05 20       	jnz	$+12     	;abs 0x481e
    4814:	3d 40 e8 03 	mov	#1000,	r13	;#0x03e8
    4818:	0e 43       	clr	r14		
    481a:	b0 12 76 45 	call	#0x4576	
    481e:	30 41       	ret			

00004820 <Msp430InterruptC__0__enable>:
    4820:	0b 12       	push	r11		
    4822:	4b 4f       	mov.b	r15,	r11	
    4824:	b0 12 84 44 	call	#0x4484	
    4828:	f2 f0 7f 00 2d 00 	and.b	#127,	&0x002d	;#0x007f
    482e:	f2 f0 7f 00 2b 00 	and.b	#127,	&0x002b	;#0x007f
    4834:	5e 42 2c 00 	mov.b	&0x002c,r14	
    4838:	4b 93       	tst.b	r11		
    483a:	03 24       	jz	$+8      	;abs 0x4842
    483c:	7e f0 7f 00 	and.b	#127,	r14	;#0x007f
    4840:	02 3c       	jmp	$+6      	;abs 0x4846
    4842:	7e d0 80 ff 	bis.b	#-128,	r14	;#0xff80
    4846:	c2 4e 2c 00 	mov.b	r14,	&0x002c	
    484a:	f2 d0 80 ff 2d 00 	bis.b	#-128,	&0x002d	;#0xff80
    4850:	b0 12 96 44 	call	#0x4496	
    4854:	4f 43       	clr.b	r15		
    4856:	3b 41       	pop	r11		
    4858:	30 41       	ret			

0000485a <VirtualizeTimerC__0__fireTimers>:
    485a:	0b 12       	push	r11		
    485c:	0a 12       	push	r10		
    485e:	09 12       	push	r9		
    4860:	08 12       	push	r8		
    4862:	07 12       	push	r7		
    4864:	05 12       	push	r5		
    4866:	04 12       	push	r4		
    4868:	04 4e       	mov	r14,	r4	
    486a:	05 4f       	mov	r15,	r5	
    486c:	07 43       	clr	r7		
    486e:	0e 47       	mov	r7,	r14	
    4870:	0e 5e       	rla	r14		
    4872:	0f 4e       	mov	r14,	r15	
    4874:	0f 5f       	rla	r15		
    4876:	0f 5f       	rla	r15		
    4878:	0f 5e       	add	r14,	r15	
    487a:	3f 50 18 11 	add	#4376,	r15	;#0x1118
    487e:	5e 4f 08 00 	mov.b	8(r15),	r14	;0x0008(r15)
    4882:	6e b3       	bit.b	#2,	r14	;r3 As==10
    4884:	51 24       	jz	$+164    	;abs 0x4928
    4886:	2a 4f       	mov	@r15,	r10	
    4888:	1b 4f 02 00 	mov	2(r15),	r11	;0x0002(r15)
    488c:	1c 4f 04 00 	mov	4(r15),	r12	;0x0004(r15)
    4890:	1d 4f 06 00 	mov	6(r15),	r13	;0x0006(r15)
    4894:	08 44       	mov	r4,	r8	
    4896:	09 45       	mov	r5,	r9	
    4898:	08 8a       	sub	r10,	r8	
    489a:	09 7b       	subc	r11,	r9	
    489c:	09 9d       	cmp	r13,	r9	
    489e:	44 28       	jnc	$+138    	;abs 0x4928
    48a0:	02 20       	jnz	$+6      	;abs 0x48a6
    48a2:	08 9c       	cmp	r12,	r8	
    48a4:	41 28       	jnc	$+132    	;abs 0x4928
    48a6:	5e f3       	and.b	#1,	r14	;r3 As==01
    48a8:	04 24       	jz	$+10     	;abs 0x48b2
    48aa:	ff f0 fd ff 08 00 	and.b	#-3,	8(r15)	;#0xfffd, 0x0008(r15)
    48b0:	08 3c       	jmp	$+18     	;abs 0x48c2
    48b2:	08 4a       	mov	r10,	r8	
    48b4:	09 4b       	mov	r11,	r9	
    48b6:	08 5c       	add	r12,	r8	
    48b8:	09 6d       	addc	r13,	r9	
    48ba:	8f 48 00 00 	mov	r8,	0(r15)	;0x0000(r15)
    48be:	8f 49 02 00 	mov	r9,	2(r15)	;0x0002(r15)
    48c2:	67 93       	cmp.b	#2,	r7	;r3 As==10
    48c4:	13 24       	jz	$+40     	;abs 0x48ec
    48c6:	77 90 03 00 	cmp.b	#3,	r7	;#0x0003
    48ca:	1b 24       	jz	$+56     	;abs 0x4902
    48cc:	57 93       	cmp.b	#1,	r7	;r3 As==01
    48ce:	07 24       	jz	$+16     	;abs 0x48de
    48d0:	b0 12 84 44 	call	#0x4484	
    48d4:	5e 42 31 00 	mov.b	&0x0031,r14	
    48d8:	7e e0 10 00 	xor.b	#16,	r14	;#0x0010
    48dc:	0d 3c       	jmp	$+28     	;abs 0x48f8
    48de:	b0 12 84 44 	call	#0x4484	
    48e2:	5e 42 31 00 	mov.b	&0x0031,r14	
    48e6:	7e e0 20 00 	xor.b	#32,	r14	;#0x0020
    48ea:	06 3c       	jmp	$+14     	;abs 0x48f8
    48ec:	b0 12 84 44 	call	#0x4484	
    48f0:	5e 42 31 00 	mov.b	&0x0031,r14	
    48f4:	7e e0 40 00 	xor.b	#64,	r14	;#0x0040
    48f8:	c2 4e 31 00 	mov.b	r14,	&0x0031	
    48fc:	b0 12 96 44 	call	#0x4496	
    4900:	16 3c       	jmp	$+46     	;abs 0x492e
    4902:	3d 40 64 00 	mov	#100,	r13	;#0x0064
    4906:	0e 43       	clr	r14		
    4908:	4f 43       	clr.b	r15		
    490a:	b0 12 76 45 	call	#0x4576	
    490e:	3d 40 64 00 	mov	#100,	r13	;#0x0064
    4912:	0e 43       	clr	r14		
    4914:	5f 43       	mov.b	#1,	r15	;r3 As==01
    4916:	b0 12 76 45 	call	#0x4576	
    491a:	3d 40 64 00 	mov	#100,	r13	;#0x0064
    491e:	0e 43       	clr	r14		
    4920:	6f 43       	mov.b	#2,	r15	;r3 As==10
    4922:	b0 12 76 45 	call	#0x4576	
    4926:	03 3c       	jmp	$+8      	;abs 0x492e
    4928:	17 53       	inc	r7		
    492a:	27 92       	cmp	#4,	r7	;r2 As==10
    492c:	a0 23       	jnz	$-190    	;abs 0x486e
    492e:	6f 43       	mov.b	#2,	r15	;r3 As==10
    4930:	b0 12 9e 44 	call	#0x449e	
    4934:	34 41       	pop	r4		
    4936:	35 41       	pop	r5		
    4938:	37 41       	pop	r7		
    493a:	38 41       	pop	r8		
    493c:	39 41       	pop	r9		
    493e:	3a 41       	pop	r10		
    4940:	3b 41       	pop	r11		
    4942:	30 41       	ret			

00004944 <SchedulerBasicP__TaskBasic__runTask>:
    4944:	0b 12       	push	r11		
    4946:	0a 12       	push	r10		
    4948:	09 12       	push	r9		
    494a:	08 12       	push	r8		
    494c:	07 12       	push	r7		
    494e:	06 12       	push	r6		
    4950:	21 83       	decd	r1		
    4952:	5f 93       	cmp.b	#1,	r15	;r3 As==01
    4954:	13 24       	jz	$+40     	;abs 0x497c
    4956:	03 28       	jnc	$+8      	;abs 0x495e
    4958:	6f 93       	cmp.b	#2,	r15	;r3 As==10
    495a:	8e 20       	jnz	$+286    	;abs 0x4a78
    495c:	3c 3c       	jmp	$+122    	;abs 0x49d6
    495e:	c2 93 40 11 	tst.b	&0x1140	
    4962:	05 24       	jz	$+12     	;abs 0x496e
    4964:	0f 43       	clr	r15		
    4966:	b0 12 7a 47 	call	#0x477a	
    496a:	4f 43       	clr.b	r15		
    496c:	04 3c       	jmp	$+10     	;abs 0x4976
    496e:	1f 43       	mov	#1,	r15	;r3 As==01
    4970:	b0 12 7a 47 	call	#0x477a	
    4974:	5f 43       	mov.b	#1,	r15	;r3 As==01
    4976:	b0 12 20 48 	call	#0x4820	
    497a:	7e 3c       	jmp	$+254    	;abs 0x4a78
    497c:	c2 93 09 11 	tst.b	&0x1109	
    4980:	27 20       	jnz	$+80     	;abs 0x49d0
    4982:	1a 42 42 11 	mov	&0x1142,r10	
    4986:	1b 42 44 11 	mov	&0x1144,r11	
    498a:	b0 12 84 44 	call	#0x4484	
    498e:	18 42 0a 11 	mov	&0x110a,r8	
    4992:	19 42 0c 11 	mov	&0x110c,r9	
    4996:	18 52 0e 11 	add	&0x110e,r8	
    499a:	19 62 10 11 	addc	&0x1110,r9	
    499e:	b0 12 96 44 	call	#0x4496	
    49a2:	82 4a 42 11 	mov	r10,	&0x1142	
    49a6:	82 4b 44 11 	mov	r11,	&0x1144	
    49aa:	c2 43 09 11 	mov.b	#0,	&0x1109	;r3 As==00
    49ae:	b0 12 84 44 	call	#0x4484	
    49b2:	82 48 0e 11 	mov	r8,	&0x110e	
    49b6:	82 49 10 11 	mov	r9,	&0x1110	
    49ba:	82 4a 0a 11 	mov	r10,	&0x110a	
    49be:	82 4b 0c 11 	mov	r11,	&0x110c	
    49c2:	81 4f 00 00 	mov	r15,	0(r1)	;0x0000(r1)
    49c6:	b0 12 c2 45 	call	#0x45c2	
    49ca:	2f 41       	mov	@r1,	r15	
    49cc:	b0 12 96 44 	call	#0x4496	
    49d0:	b0 12 ea 44 	call	#0x44ea	
    49d4:	37 3c       	jmp	$+112    	;abs 0x4a44
    49d6:	b0 12 ea 44 	call	#0x44ea	
    49da:	08 4e       	mov	r14,	r8	
    49dc:	09 4f       	mov	r15,	r9	
    49de:	b2 f0 ef ff 82 01 	and	#-17,	&0x0182	;#0xffef
    49e4:	46 43       	clr.b	r6		
    49e6:	3a 43       	mov	#-1,	r10	;r3 As==11
    49e8:	3b 40 ff 7f 	mov	#32767,	r11	;#0x7fff
    49ec:	07 43       	clr	r7		
    49ee:	0e 47       	mov	r7,	r14	
    49f0:	0e 5e       	rla	r14		
    49f2:	0f 4e       	mov	r14,	r15	
    49f4:	0f 5f       	rla	r15		
    49f6:	0f 5f       	rla	r15		
    49f8:	0f 5e       	add	r14,	r15	
    49fa:	3f 50 18 11 	add	#4376,	r15	;#0x1118
    49fe:	ef b3 08 00 	bit.b	#2,	8(r15)	;r3 As==10, 0x0008(r15)
    4a02:	13 24       	jz	$+40     	;abs 0x4a2a
    4a04:	0c 48       	mov	r8,	r12	
    4a06:	0d 49       	mov	r9,	r13	
    4a08:	2c 8f       	sub	@r15,	r12	
    4a0a:	1d 7f 02 00 	subc	2(r15),	r13	;0x0002(r15)
    4a0e:	1e 4f 04 00 	mov	4(r15),	r14	;0x0004(r15)
    4a12:	1f 4f 06 00 	mov	6(r15),	r15	;0x0006(r15)
    4a16:	0e 8c       	sub	r12,	r14	
    4a18:	0f 7d       	subc	r13,	r15	
    4a1a:	0f 9b       	cmp	r11,	r15	
    4a1c:	03 38       	jl	$+8      	;abs 0x4a24
    4a1e:	05 20       	jnz	$+12     	;abs 0x4a2a
    4a20:	0e 9a       	cmp	r10,	r14	
    4a22:	03 2c       	jc	$+8      	;abs 0x4a2a
    4a24:	0a 4e       	mov	r14,	r10	
    4a26:	0b 4f       	mov	r15,	r11	
    4a28:	56 43       	mov.b	#1,	r6	;r3 As==01
    4a2a:	17 53       	inc	r7		
    4a2c:	27 92       	cmp	#4,	r7	;r2 As==10
    4a2e:	df 23       	jnz	$-64     	;abs 0x49ee
    4a30:	46 93       	tst.b	r6		
    4a32:	22 24       	jz	$+70     	;abs 0x4a78
    4a34:	0b 93       	tst	r11		
    4a36:	04 38       	jl	$+10     	;abs 0x4a40
    4a38:	1b 93       	cmp	#1,	r11	;r3 As==01
    4a3a:	07 34       	jge	$+16     	;abs 0x4a4a
    4a3c:	1a 93       	cmp	#1,	r10	;r3 As==01
    4a3e:	05 2c       	jc	$+12     	;abs 0x4a4a
    4a40:	0e 48       	mov	r8,	r14	
    4a42:	0f 49       	mov	r9,	r15	
    4a44:	b0 12 5a 48 	call	#0x485a	
    4a48:	17 3c       	jmp	$+48     	;abs 0x4a78
    4a4a:	82 4a 42 11 	mov	r10,	&0x1142	
    4a4e:	82 4b 44 11 	mov	r11,	&0x1144	
    4a52:	d2 43 09 11 	mov.b	#1,	&0x1109	;r3 As==01
    4a56:	b0 12 84 44 	call	#0x4484	
    4a5a:	82 48 0e 11 	mov	r8,	&0x110e	
    4a5e:	82 49 10 11 	mov	r9,	&0x1110	
    4a62:	82 4a 0a 11 	mov	r10,	&0x110a	
    4a66:	82 4b 0c 11 	mov	r11,	&0x110c	
    4a6a:	81 4f 00 00 	mov	r15,	0(r1)	;0x0000(r1)
    4a6e:	b0 12 c2 45 	call	#0x45c2	
    4a72:	2f 41       	mov	@r1,	r15	
    4a74:	b0 12 96 44 	call	#0x4496	
    4a78:	21 53       	incd	r1		
    4a7a:	36 41       	pop	r6		
    4a7c:	37 41       	pop	r7		
    4a7e:	38 41       	pop	r8		
    4a80:	39 41       	pop	r9		
    4a82:	3a 41       	pop	r10		
    4a84:	3b 41       	pop	r11		
    4a86:	30 41       	ret			

00004a88 <RealMainP__Scheduler__runNextTask>:
    4a88:	f2 93 46 11 	cmp.b	#-1,	&0x1146	;r3 As==11
    4a8c:	08 24       	jz	$+18     	;abs 0x4a9e
    4a8e:	b0 12 2a 44 	call	#0x442a	
    4a92:	7f 93       	cmp.b	#-1,	r15	;r3 As==11
    4a94:	06 24       	jz	$+14     	;abs 0x4aa2
    4a96:	b0 12 44 49 	call	#0x4944	
    4a9a:	5f 43       	mov.b	#1,	r15	;r3 As==01
    4a9c:	30 41       	ret			
    4a9e:	4f 43       	clr.b	r15		
    4aa0:	30 41       	ret			
    4aa2:	4f 43       	clr.b	r15		
    4aa4:	30 41       	ret			

00004aa6 <sig_TIMERA0_VECTOR>:
    4aa6:	0f 12       	push	r15		
    4aa8:	0e 12       	push	r14		
    4aaa:	0d 12       	push	r13		
    4aac:	0c 12       	push	r12		
    4aae:	4f 43       	clr.b	r15		
    4ab0:	b0 12 48 44 	call	#0x4448	
    4ab4:	3c 41       	pop	r12		
    4ab6:	3d 41       	pop	r13		
    4ab8:	3e 41       	pop	r14		
    4aba:	3f 41       	pop	r15		
    4abc:	b1 c0 f0 00 00 00 	bic	#240,	0(r1)	;#0x00f0, 0x0000(r1)
    4ac2:	00 13       	reti			

00004ac4 <sig_TIMERA1_VECTOR>:
    4ac4:	0f 12       	push	r15		
    4ac6:	0e 12       	push	r14		
    4ac8:	0d 12       	push	r13		
    4aca:	0c 12       	push	r12		
    4acc:	1f 42 2e 01 	mov	&0x012e,r15	
    4ad0:	4f 4f       	mov.b	r15,	r15	
    4ad2:	12 c3       	clrc			
    4ad4:	4f 10       	rrc.b	r15		
    4ad6:	b0 12 48 44 	call	#0x4448	
    4ada:	3c 41       	pop	r12		
    4adc:	3d 41       	pop	r13		
    4ade:	3e 41       	pop	r14		
    4ae0:	3f 41       	pop	r15		
    4ae2:	b1 c0 f0 00 00 00 	bic	#240,	0(r1)	;#0x00f0, 0x0000(r1)
    4ae8:	00 13       	reti			

00004aea <sig_TIMERB0_VECTOR>:
    4aea:	0f 12       	push	r15		
    4aec:	0e 12       	push	r14		
    4aee:	0d 12       	push	r13		
    4af0:	0c 12       	push	r12		
    4af2:	4f 43       	clr.b	r15		
    4af4:	b0 12 d4 46 	call	#0x46d4	
    4af8:	3c 41       	pop	r12		
    4afa:	3d 41       	pop	r13		
    4afc:	3e 41       	pop	r14		
    4afe:	3f 41       	pop	r15		
    4b00:	b1 c0 f0 00 00 00 	bic	#240,	0(r1)	;#0x00f0, 0x0000(r1)
    4b06:	00 13       	reti			

00004b08 <sig_TIMERB1_VECTOR>:
    4b08:	0f 12       	push	r15		
    4b0a:	0e 12       	push	r14		
    4b0c:	0d 12       	push	r13		
    4b0e:	0c 12       	push	r12		
    4b10:	1f 42 1e 01 	mov	&0x011e,r15	
    4b14:	4f 4f       	mov.b	r15,	r15	
    4b16:	12 c3       	clrc			
    4b18:	4f 10       	rrc.b	r15		
    4b1a:	b0 12 d4 46 	call	#0x46d4	
    4b1e:	3c 41       	pop	r12		
    4b20:	3d 41       	pop	r13		
    4b22:	3e 41       	pop	r14		
    4b24:	3f 41       	pop	r15		
    4b26:	b1 c0 f0 00 00 00 	bic	#240,	0(r1)	;#0x00f0, 0x0000(r1)
    4b2c:	00 13       	reti			

00004b2e <sig_PORT1_VECTOR>:
    4b2e:	0f 12       	push	r15		
    4b30:	0e 12       	push	r14		
    4b32:	21 83       	decd	r1		
    4b34:	5e 42 23 00 	mov.b	&0x0023,r14	
    4b38:	5f 42 25 00 	mov.b	&0x0025,r15	
    4b3c:	4f fe       	and.b	r14,	r15	
    4b3e:	4f 4f       	mov.b	r15,	r15	
    4b40:	81 4f 00 00 	mov	r15,	0(r1)	;0x0000(r1)
    4b44:	91 b3 00 00 	bit	#1,	0(r1)	;r3 As==01, 0x0000(r1)
    4b48:	05 24       	jz	$+12     	;abs 0x4b54
    4b4a:	5f 42 23 00 	mov.b	&0x0023,r15	
    4b4e:	7f f0 fe ff 	and.b	#-2,	r15	;#0xfffe
    4b52:	3b 3c       	jmp	$+120    	;abs 0x4bca
    4b54:	a1 b3 00 00 	bit	#2,	0(r1)	;r3 As==10, 0x0000(r1)
    4b58:	05 24       	jz	$+12     	;abs 0x4b64
    4b5a:	5f 42 23 00 	mov.b	&0x0023,r15	
    4b5e:	7f f0 fd ff 	and.b	#-3,	r15	;#0xfffd
    4b62:	33 3c       	jmp	$+104    	;abs 0x4bca
    4b64:	a1 b2 00 00 	bit	#4,	0(r1)	;r2 As==10, 0x0000(r1)
    4b68:	05 24       	jz	$+12     	;abs 0x4b74
    4b6a:	5f 42 23 00 	mov.b	&0x0023,r15	
    4b6e:	7f f0 fb ff 	and.b	#-5,	r15	;#0xfffb
    4b72:	2b 3c       	jmp	$+88     	;abs 0x4bca
    4b74:	b1 b2 00 00 	bit	#8,	0(r1)	;r2 As==11, 0x0000(r1)
    4b78:	05 24       	jz	$+12     	;abs 0x4b84
    4b7a:	5f 42 23 00 	mov.b	&0x0023,r15	
    4b7e:	7f f0 f7 ff 	and.b	#-9,	r15	;#0xfff7
    4b82:	23 3c       	jmp	$+72     	;abs 0x4bca
    4b84:	b1 b0 10 00 00 00 	bit	#16,	0(r1)	;#0x0010, 0x0000(r1)
    4b8a:	05 24       	jz	$+12     	;abs 0x4b96
    4b8c:	5f 42 23 00 	mov.b	&0x0023,r15	
    4b90:	7f f0 ef ff 	and.b	#-17,	r15	;#0xffef
    4b94:	1a 3c       	jmp	$+54     	;abs 0x4bca
    4b96:	b1 b0 20 00 00 00 	bit	#32,	0(r1)	;#0x0020, 0x0000(r1)
    4b9c:	05 24       	jz	$+12     	;abs 0x4ba8
    4b9e:	5f 42 23 00 	mov.b	&0x0023,r15	
    4ba2:	7f f0 df ff 	and.b	#-33,	r15	;#0xffdf
    4ba6:	11 3c       	jmp	$+36     	;abs 0x4bca
    4ba8:	b1 b0 40 00 00 00 	bit	#64,	0(r1)	;#0x0040, 0x0000(r1)
    4bae:	05 24       	jz	$+12     	;abs 0x4bba
    4bb0:	5f 42 23 00 	mov.b	&0x0023,r15	
    4bb4:	7f f0 bf ff 	and.b	#-65,	r15	;#0xffbf
    4bb8:	08 3c       	jmp	$+18     	;abs 0x4bca
    4bba:	b1 b0 80 00 00 00 	bit	#128,	0(r1)	;#0x0080, 0x0000(r1)
    4bc0:	06 24       	jz	$+14     	;abs 0x4bce
    4bc2:	5f 42 23 00 	mov.b	&0x0023,r15	
    4bc6:	7f f0 7f 00 	and.b	#127,	r15	;#0x007f
    4bca:	c2 4f 23 00 	mov.b	r15,	&0x0023	
    4bce:	21 53       	incd	r1		
    4bd0:	3e 41       	pop	r14		
    4bd2:	3f 41       	pop	r15		
    4bd4:	b1 c0 f0 00 00 00 	bic	#240,	0(r1)	;#0x00f0, 0x0000(r1)
    4bda:	00 13       	reti			

00004bdc <sig_PORT2_VECTOR>:
    4bdc:	0f 12       	push	r15		
    4bde:	0e 12       	push	r14		
    4be0:	0d 12       	push	r13		
    4be2:	0c 12       	push	r12		
    4be4:	21 83       	decd	r1		
    4be6:	5e 42 2b 00 	mov.b	&0x002b,r14	
    4bea:	5f 42 2d 00 	mov.b	&0x002d,r15	
    4bee:	4f fe       	and.b	r14,	r15	
    4bf0:	4f 4f       	mov.b	r15,	r15	
    4bf2:	81 4f 00 00 	mov	r15,	0(r1)	;0x0000(r1)
    4bf6:	91 b3 00 00 	bit	#1,	0(r1)	;r3 As==01, 0x0000(r1)
    4bfa:	05 24       	jz	$+12     	;abs 0x4c06
    4bfc:	5f 42 2b 00 	mov.b	&0x002b,r15	
    4c00:	7f f0 fe ff 	and.b	#-2,	r15	;#0xfffe
    4c04:	07 3c       	jmp	$+16     	;abs 0x4c14
    4c06:	a1 b3 00 00 	bit	#2,	0(r1)	;r3 As==10, 0x0000(r1)
    4c0a:	07 24       	jz	$+16     	;abs 0x4c1a
    4c0c:	5f 42 2b 00 	mov.b	&0x002b,r15	
    4c10:	7f f0 fd ff 	and.b	#-3,	r15	;#0xfffd
    4c14:	c2 4f 2b 00 	mov.b	r15,	&0x002b	
    4c18:	42 3c       	jmp	$+134    	;abs 0x4c9e
    4c1a:	a1 b2 00 00 	bit	#4,	0(r1)	;r2 As==10, 0x0000(r1)
    4c1e:	05 24       	jz	$+12     	;abs 0x4c2a
    4c20:	5f 42 2b 00 	mov.b	&0x002b,r15	
    4c24:	7f f0 fb ff 	and.b	#-5,	r15	;#0xfffb
    4c28:	f5 3f       	jmp	$-20     	;abs 0x4c14
    4c2a:	b1 b2 00 00 	bit	#8,	0(r1)	;r2 As==11, 0x0000(r1)
    4c2e:	05 24       	jz	$+12     	;abs 0x4c3a
    4c30:	5f 42 2b 00 	mov.b	&0x002b,r15	
    4c34:	7f f0 f7 ff 	and.b	#-9,	r15	;#0xfff7
    4c38:	ed 3f       	jmp	$-36     	;abs 0x4c14
    4c3a:	b1 b0 10 00 00 00 	bit	#16,	0(r1)	;#0x0010, 0x0000(r1)
    4c40:	05 24       	jz	$+12     	;abs 0x4c4c
    4c42:	5f 42 2b 00 	mov.b	&0x002b,r15	
    4c46:	7f f0 ef ff 	and.b	#-17,	r15	;#0xffef
    4c4a:	e4 3f       	jmp	$-54     	;abs 0x4c14
    4c4c:	b1 b0 20 00 00 00 	bit	#32,	0(r1)	;#0x0020, 0x0000(r1)
    4c52:	05 24       	jz	$+12     	;abs 0x4c5e
    4c54:	5f 42 2b 00 	mov.b	&0x002b,r15	
    4c58:	7f f0 df ff 	and.b	#-33,	r15	;#0xffdf
    4c5c:	db 3f       	jmp	$-72     	;abs 0x4c14
    4c5e:	b1 b0 40 00 00 00 	bit	#64,	0(r1)	;#0x0040, 0x0000(r1)
    4c64:	05 24       	jz	$+12     	;abs 0x4c70
    4c66:	5f 42 2b 00 	mov.b	&0x002b,r15	
    4c6a:	7f f0 bf ff 	and.b	#-65,	r15	;#0xffbf
    4c6e:	d2 3f       	jmp	$-90     	;abs 0x4c14
    4c70:	b1 b0 80 00 00 00 	bit	#128,	0(r1)	;#0x0080, 0x0000(r1)
    4c76:	13 24       	jz	$+40     	;abs 0x4c9e
    4c78:	f2 f0 7f 00 2b 00 	and.b	#127,	&0x002b	;#0x007f
    4c7e:	f2 f0 7f 00 2d 00 	and.b	#127,	&0x002d	;#0x007f
    4c84:	f2 f0 7f 00 2b 00 	and.b	#127,	&0x002b	;#0x007f
    4c8a:	5f 43       	mov.b	#1,	r15	;r3 As==01
    4c8c:	c2 93 40 11 	tst.b	&0x1140	
    4c90:	01 24       	jz	$+4      	;abs 0x4c94
    4c92:	4f 43       	clr.b	r15		
    4c94:	c2 4f 40 11 	mov.b	r15,	&0x1140	
    4c98:	4f 43       	clr.b	r15		
    4c9a:	b0 12 9e 44 	call	#0x449e	
    4c9e:	21 53       	incd	r1		
    4ca0:	3c 41       	pop	r12		
    4ca2:	3d 41       	pop	r13		
    4ca4:	3e 41       	pop	r14		
    4ca6:	3f 41       	pop	r15		
    4ca8:	b1 c0 f0 00 00 00 	bic	#240,	0(r1)	;#0x00f0, 0x0000(r1)
    4cae:	00 13       	reti			

00004cb0 <memset>:
    4cb0:	0b 12       	push	r11		
    4cb2:	0a 12       	push	r10		
    4cb4:	09 12       	push	r9		
    4cb6:	08 12       	push	r8		
    4cb8:	3d 90 06 00 	cmp	#6,	r13	;#0x0006
    4cbc:	09 2c       	jc	$+20     	;abs 0x4cd0
    4cbe:	0c 4f       	mov	r15,	r12	
    4cc0:	04 3c       	jmp	$+10     	;abs 0x4cca
    4cc2:	cc 4e 00 00 	mov.b	r14,	0(r12)	;0x0000(r12)
    4cc6:	1c 53       	inc	r12		
    4cc8:	3d 53       	add	#-1,	r13	;r3 As==11
    4cca:	0d 93       	tst	r13		
    4ccc:	fa 23       	jnz	$-10     	;abs 0x4cc2
    4cce:	20 3c       	jmp	$+66     	;abs 0x4d10
    4cd0:	4e 4e       	mov.b	r14,	r14	
    4cd2:	4b 4e       	mov.b	r14,	r11	
    4cd4:	0b 93       	tst	r11		
    4cd6:	03 24       	jz	$+8      	;abs 0x4cde
    4cd8:	0c 4b       	mov	r11,	r12	
    4cda:	8c 10       	swpb	r12		
    4cdc:	0b dc       	bis	r12,	r11	
    4cde:	1f b3       	bit	#1,	r15	;r3 As==01
    4ce0:	06 24       	jz	$+14     	;abs 0x4cee
    4ce2:	3d 53       	add	#-1,	r13	;r3 As==11
    4ce4:	cf 4e 00 00 	mov.b	r14,	0(r15)	;0x0000(r15)
    4ce8:	09 4f       	mov	r15,	r9	
    4cea:	19 53       	inc	r9		
    4cec:	01 3c       	jmp	$+4      	;abs 0x4cf0
    4cee:	09 4f       	mov	r15,	r9	
    4cf0:	0c 4d       	mov	r13,	r12	
    4cf2:	12 c3       	clrc			
    4cf4:	0c 10       	rrc	r12		
    4cf6:	0a 49       	mov	r9,	r10	
    4cf8:	08 4c       	mov	r12,	r8	
    4cfa:	8a 4b 00 00 	mov	r11,	0(r10)	;0x0000(r10)
    4cfe:	2a 53       	incd	r10		
    4d00:	38 53       	add	#-1,	r8	;r3 As==11
    4d02:	fb 23       	jnz	$-8      	;abs 0x4cfa
    4d04:	0c 5c       	rla	r12		
    4d06:	0c 59       	add	r9,	r12	
    4d08:	1d f3       	and	#1,	r13	;r3 As==01
    4d0a:	02 24       	jz	$+6      	;abs 0x4d10
    4d0c:	cc 4e 00 00 	mov.b	r14,	0(r12)	;0x0000(r12)
    4d10:	38 41       	pop	r8		
    4d12:	39 41       	pop	r9		
    4d14:	3a 41       	pop	r10		
    4d16:	3b 41       	pop	r11		
    4d18:	30 41       	ret			

00004d1a <_unexpected_>:
    4d1a:	00 13       	reti			

Disassembly of section .vectors:

0000ffe0 <__ivtbl_16>:
    ffe0:	02 44 dc 4b 02 44 02 44 2e 4b c4 4a a6 4a 02 44     .D.K.D.D.K.J.J.D
    fff0:	02 44 02 44 02 44 02 44 08 4b ea 4a 02 44 00 40     .D.D.D.D.K.J.D.@
